c:\users\ohs80200\desktop\malti\malti\x64\debug\vc141.pdb
c:\users\ohs80200\desktop\malti\malti\x64\debug\vc141.idb
c:\users\ohs80200\desktop\malti\malti\x64\debug\meshrenderer.obj
c:\users\ohs80200\desktop\malti\malti\x64\debug\main.obj
c:\users\ohs80200\desktop\malti\malti\x64\debug\imgui_widgets.obj
c:\users\ohs80200\desktop\malti\malti\x64\debug\imgui_impl_win32.obj
c:\users\ohs80200\desktop\malti\malti\x64\debug\imgui_impl_dx11.obj
c:\users\ohs80200\desktop\malti\malti\x64\debug\imgui_draw.obj
c:\users\ohs80200\desktop\malti\malti\x64\debug\imgui_demo.obj
c:\users\ohs80200\desktop\malti\malti\x64\debug\imguizmo.obj
c:\users\ohs80200\desktop\malti\malti\x64\debug\imgui.obj
c:\users\ohs80200\desktop\malti\malti\x64\debug\imguicontrol.obj
c:\users\ohs80200\desktop\malti\malti\x64\debug\game.obj
c:\users\ohs80200\desktop\malti\malti\x64\debug\dx11util.obj
c:\users\ohs80200\desktop\malti\malti\x64\debug\dx11mathutil.obj
c:\users\ohs80200\desktop\malti\malti\x64\debug\ddstextureloader.obj
c:\users\ohs80200\desktop\malti\malti\x64\debug\datfileloader.obj
c:\users\ohs80200\desktop\malti\malti\x64\debug\datfile.obj
c:\users\ohs80200\desktop\malti\malti\x64\debug\cphysx.obj
c:\users\ohs80200\desktop\malti\malti\x64\debug\cmodel.obj
c:\users\ohs80200\desktop\malti\malti\x64\debug\cdirectxgraphics.obj
c:\users\ohs80200\desktop\malti\malti\x64\debug\camera.obj
c:\users\ohs80200\desktop\malti\malti\x64\debug\wictextureloader.obj
c:\users\ohs80200\desktop\malti\malti\x64\debug\title.obj
c:\users\ohs80200\desktop\malti\malti\x64\debug\spherecollider.obj
c:\users\ohs80200\desktop\malti\malti\x64\debug\sphere.obj
c:\users\ohs80200\desktop\malti\malti\x64\debug\shader.obj
c:\users\ohs80200\desktop\malti\malti\x64\debug\scene.obj
c:\users\ohs80200\desktop\malti\malti\x64\debug\player.obj
c:\users\ohs80200\desktop\malti\malti\x64\debug\object.obj
c:\users\ohs80200\desktop\malti\malti\x64\debug\cbox.obj
c:\users\ohs80200\desktop\malti\malti\x64\debug\bullet.obj
c:\users\ohs80200\desktop\malti\malti\x64\debug\ctransform.obj
c:\users\ohs80200\desktop\malti\malti\x64\debug\cobject2d.obj
c:\users\ohs80200\desktop\malti\malti\x64\debug\cenemy.obj
c:\users\ohs80200\desktop\malti\malti\x64\debug\imsequencer.obj
c:\users\ohs80200\desktop\malti\malti\x64\debug\imgradient.obj
c:\users\ohs80200\desktop\malti\malti\x64\debug\imcurveedit.obj
c:\users\ohs80200\desktop\malti\malti\x64\debug\ccollider.obj
c:\users\ohs80200\desktop\syusaku\malti\x64\debug\vc141.pdb
c:\users\ohs80200\desktop\syusaku\malti\x64\debug\vc141.idb
c:\users\ohs80200\desktop\syusaku\malti\x64\debug\imguizmo.obj
c:\users\ohs80200\desktop\syusaku\malti\x64\debug\imgui.obj
c:\users\ohs80200\desktop\syusaku\malti\x64\debug\imgradient.obj
c:\users\ohs80200\desktop\syusaku\malti\x64\debug\imcurveedit.obj
c:\users\ohs80200\desktop\syusaku\malti\x64\debug\imguicontrol.obj
c:\users\ohs80200\desktop\syusaku\malti\x64\debug\game.obj
c:\users\ohs80200\desktop\syusaku\malti\x64\debug\dx11util.obj
c:\users\ohs80200\desktop\syusaku\malti\x64\debug\dx11mathutil.obj
c:\users\ohs80200\desktop\syusaku\malti\x64\debug\ddstextureloader.obj
c:\users\ohs80200\desktop\syusaku\malti\x64\debug\datfileloader.obj
c:\users\ohs80200\desktop\syusaku\malti\x64\debug\datfile.obj
c:\users\ohs80200\desktop\syusaku\malti\x64\debug\cphysx.obj
c:\users\ohs80200\desktop\syusaku\malti\x64\debug\cobject2d.obj
c:\users\ohs80200\desktop\syusaku\malti\x64\debug\cmodel.obj
c:\users\ohs80200\desktop\syusaku\malti\x64\debug\cenemy.obj
c:\users\ohs80200\desktop\syusaku\malti\x64\debug\cdirectxgraphics.obj
c:\users\ohs80200\desktop\syusaku\malti\x64\debug\ccollider.obj
c:\users\ohs80200\desktop\syusaku\malti\x64\debug\cbox.obj
c:\users\ohs80200\desktop\syusaku\malti\x64\debug\camera.obj
c:\users\ohs80200\desktop\syusaku\malti\x64\debug\bullet.obj
c:\users\ohs80200\desktop\syusaku\malti\x64\debug\wictextureloader.obj
c:\users\ohs80200\desktop\syusaku\malti\x64\debug\title.obj
c:\users\ohs80200\desktop\syusaku\malti\x64\debug\sphere.obj
c:\users\ohs80200\desktop\syusaku\malti\x64\debug\shader.obj
c:\users\ohs80200\desktop\syusaku\malti\x64\debug\scene.obj
c:\users\ohs80200\desktop\syusaku\malti\x64\debug\player.obj
c:\users\ohs80200\desktop\syusaku\malti\x64\debug\object.obj
c:\users\ohs80200\desktop\syusaku\malti\x64\debug\meshrenderer.obj
c:\users\ohs80200\desktop\syusaku\malti\x64\debug\main.obj
c:\users\ohs80200\desktop\syusaku\malti\x64\debug\imsequencer.obj
c:\users\ohs80200\desktop\syusaku\malti\x64\debug\imgui_widgets.obj
c:\users\ohs80200\desktop\syusaku\malti\x64\debug\imgui_impl_win32.obj
c:\users\ohs80200\desktop\syusaku\malti\x64\debug\imgui_impl_dx11.obj
c:\users\ohs80200\desktop\syusaku\malti\x64\debug\imgui_draw.obj
c:\users\ohs80200\desktop\syusaku\malti\x64\debug\imgui_demo.obj
c:\users\ohs80200\desktop\syusaku\malti\x64\debug\ccapsule.obj
c:\users\ohs80200\desktop\syusaku\malti\x64\debug\dynamictype.obj
c:\users\ohs80200\desktop\syusaku\malti\x64\debug\myinput8.obj
c:\users\ohs80200\desktop\syusaku\malti\x64\debug\directx11manager.obj
c:\users\ohs80200\desktop\syusaku\malti\x64\debug\dx11settransform.obj
c:\users\ohs80200\desktop\syusaku\malti\x64\debug\unityexportmodel.obj
c:\users\ohs80200\desktop\syusaku\malti\x64\debug\unityexportskinnedmodel.obj
c:\users\ohs80200\desktop\malti\x64\debug\3dsphereps.cso
c:\users\ohs80200\desktop\malti\x64\debug\3dspherevs.cso
c:\users\ohs80200\desktop\malti\x64\debug\psline.cso
c:\users\ohs80200\desktop\malti\x64\debug\psskydome.cso
c:\users\ohs80200\desktop\malti\x64\debug\psvscommon.cso
c:\users\ohs80200\desktop\malti\x64\debug\vs.cso
c:\users\ohs80200\desktop\malti\x64\debug\vsline.cso
c:\users\ohs80200\desktop\malti\x64\debug\ps.cso
c:\users\ohs80200\desktop\syusaku\x64\debug\3dsphereps.cso
c:\users\ohs80200\desktop\syusaku\x64\debug\3dspherevs.cso
c:\users\ohs80200\desktop\syusaku\x64\debug\ps.cso
c:\users\ohs80200\desktop\syusaku\x64\debug\psline.cso
c:\users\ohs80200\desktop\syusaku\x64\debug\psskydome.cso
c:\users\ohs80200\desktop\syusaku\x64\debug\psvscommon.cso
c:\users\ohs80200\desktop\syusaku\x64\debug\vs.cso
c:\users\ohs80200\desktop\syusaku\x64\debug\vsline.cso
c:\users\ohs80200\desktop\syusaku\x64\debug\2dpipeline.cso
c:\users\ohs80200\desktop\syusaku\x64\debug\3dpipeline.cso
c:\users\ohs80200\desktop\syusaku\x64\debug\unityexportmodel.cso
c:\users\ohs80200\desktop\syusaku\x64\debug\unityexportskinnedmodel.cso
c:\users\ohs80200\desktop\malti\x64\debug\malti.exe
c:\users\ohs80200\desktop\malti\x64\debug\malti.ilk
c:\users\ohs80200\desktop\malti\x64\debug\malti.pdb
c:\users\ohs80200\desktop\syusaku\malti\x64\debug\ctransform.obj
c:\users\ohs80200\desktop\syusaku\malti\x64\debug\spherecollider.obj
c:\users\ohs80200\desktop\syusaku\malti\x64\debug\uniexportmodel.obj
c:\users\ohs80200\desktop\syusaku\malti\x64\debug\meshrenderer.obj.enc
c:\users\ohs80200\desktop\syusaku\x64\debug\malti.pdb
c:\users\ohs80200\desktop\syusaku\x64\debug\malti.exe
c:\users\ohs80200\desktop\syusaku\x64\debug\malti.ilk
c:\users\ohs80200\desktop\syusaku\malti\x64\debug\malti.tlog\cl.command.1.tlog
c:\users\ohs80200\desktop\syusaku\malti\x64\debug\malti.tlog\cl.read.1.tlog
c:\users\ohs80200\desktop\syusaku\malti\x64\debug\malti.tlog\cl.write.1.tlog
c:\users\ohs80200\desktop\syusaku\malti\x64\debug\malti.tlog\fxc.command.1.tlog
c:\users\ohs80200\desktop\syusaku\malti\x64\debug\malti.tlog\fxc.read.1.tlog
c:\users\ohs80200\desktop\syusaku\malti\x64\debug\malti.tlog\fxc.write.1.tlog
c:\users\ohs80200\desktop\syusaku\malti\x64\debug\malti.tlog\link.command.1.tlog
c:\users\ohs80200\desktop\syusaku\malti\x64\debug\malti.tlog\link.read.1.tlog
c:\users\ohs80200\desktop\syusaku\malti\x64\debug\malti.tlog\link.write.1.tlog
