c:\users\ohs80200\desktop\syusaku\malti\x64\release\vc141.pdb
c:\users\ohs80200\desktop\syusaku\malti\x64\release\imgui_widgets.obj
c:\users\ohs80200\desktop\syusaku\malti\x64\release\imgui_impl_win32.obj
c:\users\ohs80200\desktop\syusaku\malti\x64\release\imgui_impl_dx11.obj
c:\users\ohs80200\desktop\syusaku\malti\x64\release\imgui_draw.obj
c:\users\ohs80200\desktop\syusaku\malti\x64\release\imgui_demo.obj
c:\users\ohs80200\desktop\syusaku\malti\x64\release\imguizmo.obj
c:\users\ohs80200\desktop\syusaku\malti\x64\release\imgui.obj
c:\users\ohs80200\desktop\syusaku\malti\x64\release\imgradient.obj
c:\users\ohs80200\desktop\syusaku\malti\x64\release\imcurveedit.obj
c:\users\ohs80200\desktop\syusaku\malti\x64\release\imguicontrol.obj
c:\users\ohs80200\desktop\syusaku\malti\x64\release\game.obj
c:\users\ohs80200\desktop\syusaku\malti\x64\release\dx11mathutil.obj
c:\users\ohs80200\desktop\syusaku\malti\x64\release\directx11manager.obj
c:\users\ohs80200\desktop\syusaku\malti\x64\release\ddstextureloader.obj
c:\users\ohs80200\desktop\syusaku\malti\x64\release\cskinemeshrenderer.obj
c:\users\ohs80200\desktop\syusaku\malti\x64\release\cphysx.obj
c:\users\ohs80200\desktop\syusaku\malti\x64\release\ccollider.obj
c:\users\ohs80200\desktop\syusaku\malti\x64\release\ccapsule.obj
c:\users\ohs80200\desktop\syusaku\malti\x64\release\cbox.obj
c:\users\ohs80200\desktop\syusaku\malti\x64\release\camera.obj
c:\users\ohs80200\desktop\syusaku\malti\x64\release\wictextureloader.obj
c:\users\ohs80200\desktop\syusaku\malti\x64\release\unityexportskinnedmodel.obj
c:\users\ohs80200\desktop\syusaku\malti\x64\release\unityexportmodel.obj
c:\users\ohs80200\desktop\syusaku\malti\x64\release\title.obj
c:\users\ohs80200\desktop\syusaku\malti\x64\release\sphere.obj
c:\users\ohs80200\desktop\syusaku\malti\x64\release\shader.obj
c:\users\ohs80200\desktop\syusaku\malti\x64\release\scene.obj
c:\users\ohs80200\desktop\syusaku\malti\x64\release\dynamictype.obj
c:\users\ohs80200\desktop\syusaku\malti\x64\release\player.obj
c:\users\ohs80200\desktop\syusaku\malti\x64\release\object.obj
c:\users\ohs80200\desktop\syusaku\malti\x64\release\myinput8.obj
c:\users\ohs80200\desktop\syusaku\malti\x64\release\meshrenderer.obj
c:\users\ohs80200\desktop\syusaku\malti\x64\release\main.obj
c:\users\ohs80200\desktop\syusaku\malti\x64\release\imsequencer.obj
c:\users\ohs80200\desktop\syusaku\x64\release\2dpipeline.cso
c:\users\ohs80200\desktop\syusaku\x64\release\3dpipeline.cso
c:\users\ohs80200\desktop\syusaku\x64\release\unityexportmodel.cso
c:\users\ohs80200\desktop\syusaku\x64\release\unityexportskinnedmodel.cso
c:\users\ohs80200\desktop\syusaku\x64\release\3dsphereps.cso
c:\users\ohs80200\desktop\syusaku\x64\release\3dspherevs.cso
c:\users\ohs80200\desktop\syusaku\x64\release\ps.cso
c:\users\ohs80200\desktop\syusaku\x64\release\psline.cso
c:\users\ohs80200\desktop\syusaku\x64\release\psskydome.cso
c:\users\ohs80200\desktop\syusaku\x64\release\psvscommon.cso
c:\users\ohs80200\desktop\syusaku\x64\release\vs.cso
c:\users\ohs80200\desktop\syusaku\x64\release\vsline.cso
c:\users\ohs80200\desktop\syusaku\x64\release\malti.exe
c:\users\ohs80200\desktop\syusaku\x64\release\malti.pdb
c:\users\ohs80200\desktop\syusaku\x64\release\malti.ipdb
c:\users\ohs80200\desktop\syusaku\x64\release\malti.iobj
c:\users\ohs80200\desktop\syusaku\malti\x64\release\malti.tlog\cl.command.1.tlog
c:\users\ohs80200\desktop\syusaku\malti\x64\release\malti.tlog\cl.read.1.tlog
c:\users\ohs80200\desktop\syusaku\malti\x64\release\malti.tlog\cl.write.1.tlog
c:\users\ohs80200\desktop\syusaku\malti\x64\release\malti.tlog\fxc.command.1.tlog
c:\users\ohs80200\desktop\syusaku\malti\x64\release\malti.tlog\fxc.read.1.tlog
c:\users\ohs80200\desktop\syusaku\malti\x64\release\malti.tlog\fxc.write.1.tlog
c:\users\ohs80200\desktop\syusaku\malti\x64\release\malti.tlog\link.command.1.tlog
c:\users\ohs80200\desktop\syusaku\malti\x64\release\malti.tlog\link.read.1.tlog
c:\users\ohs80200\desktop\syusaku\malti\x64\release\malti.tlog\link.write.1.tlog
c:\users\ohs80200\desktop\syusaku\malti\x64\release\malti.tlog\malti.write.1u.tlog
